C:\DEVL\CHERETIC\DEBUG X86\AM_MAP.OBJ
C:\devl\cheretic\debug x86\cl.command.1.tlog
C:\devl\cheretic\debug x86\CL.read.1.tlog
C:\devl\cheretic\debug x86\CL.write.1.tlog
C:\DEVL\CHERETIC\DEBUG X86\CT_CHAT.OBJ
C:\DEVL\CHERETIC\DEBUG X86\D_MAIN.OBJ
C:\DEVL\CHERETIC\DEBUG X86\D_NET.OBJ
C:\DEVL\CHERETIC\DEBUG X86\DS_RENDER.OBJ
C:\DEVL\CHERETIC\DEBUG X86\DS_TEXTURES.OBJ
C:\DEVL\CHERETIC\DEBUG X86\F_FINALE.OBJ
C:\DEVL\CHERETIC\DEBUG X86\G_GAME.OBJ
C:\DEVL\CHERETIC\DEBUG X86\GEOMETRY.OBJ
C:\DEVL\CHERETIC\DEBUG X86\GLMAIN.OBJ
C:\DEVL\CHERETIC\DEBUG X86\I_IBM.OBJ
C:\DEVL\CHERETIC\DEBUG X86\I_SOUND.OBJ
C:\DEVL\CHERETIC\DEBUG X86\IN_LUDE.OBJ
C:\DEVL\CHERETIC\DEBUG X86\INFO.OBJ
C:\DEVL\CHERETIC\DEBUG X86\M_MISC.OBJ
C:\DEVL\CHERETIC\DEBUG X86\MN_MENU.OBJ
C:\DEVL\CHERETIC\DEBUG X86\P_CEILNG.OBJ
C:\DEVL\CHERETIC\DEBUG X86\P_DOORS.OBJ
C:\DEVL\CHERETIC\DEBUG X86\P_ENEMY.OBJ
C:\DEVL\CHERETIC\DEBUG X86\P_FLOOR.OBJ
C:\DEVL\CHERETIC\DEBUG X86\P_INTER.OBJ
C:\DEVL\CHERETIC\DEBUG X86\P_LIGHTS.OBJ
C:\DEVL\CHERETIC\DEBUG X86\P_MAP.OBJ
C:\DEVL\CHERETIC\DEBUG X86\P_MAPUTL.OBJ
C:\DEVL\CHERETIC\DEBUG X86\P_MOBJ.OBJ
C:\DEVL\CHERETIC\DEBUG X86\P_PLATS.OBJ
C:\DEVL\CHERETIC\DEBUG X86\P_PSPR.OBJ
C:\DEVL\CHERETIC\DEBUG X86\P_SETUP.OBJ
C:\DEVL\CHERETIC\DEBUG X86\P_SIGHT.OBJ
C:\DEVL\CHERETIC\DEBUG X86\P_SPEC.OBJ
C:\DEVL\CHERETIC\DEBUG X86\P_SWITCH.OBJ
C:\DEVL\CHERETIC\DEBUG X86\P_TELEPT.OBJ
C:\DEVL\CHERETIC\DEBUG X86\P_TICK.OBJ
C:\DEVL\CHERETIC\DEBUG X86\P_USER.OBJ
C:\DEVL\CHERETIC\DEBUG X86\POLYLIB.OBJ
C:\DEVL\CHERETIC\DEBUG X86\R_DATA.OBJ
C:\DEVL\CHERETIC\DEBUG X86\R_MAIN.OBJ
C:\DEVL\CHERETIC\DEBUG X86\R_THINGS.OBJ
C:\DEVL\CHERETIC\DEBUG X86\SB_BAR.OBJ
C:\DEVL\CHERETIC\DEBUG X86\SOUNDS.OBJ
C:\DEVL\CHERETIC\DEBUG X86\SOUNDST.OBJ
C:\DEVL\CHERETIC\DEBUG X86\TABLES.OBJ
C:\DEVL\CHERETIC\DEBUG X86\TEMPLATE.OBJ
C:\DEVL\CHERETIC\DEBUG X86\V_VIDEO.OBJ
C:\devl\cheretic\debug x86\vc100.idb
C:\DEVL\CHERETIC\DEBUG X86\VC100.PDB
C:\DEVL\CHERETIC\DEBUG X86\W_WAD.OBJ
C:\DEVL\CHERETIC\DEBUG X86\Z_ZONE.OBJ
